This is pdfTeX, Version 3.14159265-2.6-1.40.18 (TeX Live 2017) (preloaded format=pdflatex 2017.5.23)  23 MAR 2018 17:20
entering extended mode
 \write18 enabled.
 file:line:error style messages enabled.
 %&-line parsing enabled.
**single-stage.tex
(./single-stage.tex
LaTeX2e <2017-04-15>
Babel <3.10> and hyphenation patterns for 84 language(s) loaded.
(/usr/local/texlive/2017/texmf-dist/tex/latex/base/article.cls
Document Class: article 2014/09/29 v1.4h Standard LaTeX document class
(/usr/local/texlive/2017/texmf-dist/tex/latex/base/size10.clo
File: size10.clo 2014/09/29 v1.4h Standard LaTeX file (size option)
)
\c@part=\count79
\c@section=\count80
\c@subsection=\count81
\c@subsubsection=\count82
\c@paragraph=\count83
\c@subparagraph=\count84
\c@figure=\count85
\c@table=\count86
\abovecaptionskip=\skip41
\belowcaptionskip=\skip42
\bibindent=\dimen102
) (/usr/local/texlive/2017/texmf-dist/tex/generic/babel/babel.sty
Package: babel 2017/05/19 3.10 The Babel package
 (/usr/local/texlive/2017/texmf-dist/tex/generic/babel-english/english.ldf
Language: english 2017/01/24 v3.3q English support from the babel system
 (/usr/local/texlive/2017/texmf-dist/tex/generic/babel/babel.def
File: babel.def 2017/05/19 3.10 Babel common definitions
\babel@savecnt=\count87
\U@D=\dimen103
)
\l@canadian = a dialect from \language\l@american 
\l@australian = a dialect from \language\l@british 
\l@newzealand = a dialect from \language\l@british 
)) (/usr/local/texlive/2017/texmf-dist/tex/latex/appendix/appendix.sty
Package: appendix 2009/09/02 v1.2b extra appendix facilities
\c@@pps=\count88
\c@@ppsavesec=\count89
\c@@ppsaveapp=\count90
) (/usr/local/texlive/2017/texmf-dist/tex/latex/ms/ragged2e.sty
Package: ragged2e 2009/05/21 v2.1 ragged2e Package (MS)
 (/usr/local/texlive/2017/texmf-dist/tex/latex/ms/everysel.sty
Package: everysel 2011/10/28 v1.2 EverySelectfont Package (MS)
)
\CenteringLeftskip=\skip43
\RaggedLeftLeftskip=\skip44
\RaggedRightLeftskip=\skip45
\CenteringRightskip=\skip46
\RaggedLeftRightskip=\skip47
\RaggedRightRightskip=\skip48
\CenteringParfillskip=\skip49
\RaggedLeftParfillskip=\skip50
\RaggedRightParfillskip=\skip51
\JustifyingParfillskip=\skip52
\CenteringParindent=\skip53
\RaggedLeftParindent=\skip54
\RaggedRightParindent=\skip55
\JustifyingParindent=\skip56
) (/usr/local/texlive/2017/texmf-dist/tex/latex/float/float.sty
Package: float 2001/11/08 v1.3d Float enhancements (AL)
\c@float@type=\count91
\float@exts=\toks14
\float@box=\box26
\@float@everytoks=\toks15
\@floatcapt=\box27
) (/usr/local/texlive/2017/texmf-dist/tex/latex/oberdiek/epstopdf.sty
Package: epstopdf 2016/05/15 v2.6 Conversion with epstopdf on the fly (HO)
 (/usr/local/texlive/2017/texmf-dist/tex/latex/oberdiek/epstopdf-base.sty
Package: epstopdf-base 2016/05/15 v2.6 Base part for package epstopdf
 (/usr/local/texlive/2017/texmf-dist/tex/generic/oberdiek/infwarerr.sty
Package: infwarerr 2016/05/16 v1.4 Providing info/warning/error messages (HO)
) (/usr/local/texlive/2017/texmf-dist/tex/latex/oberdiek/grfext.sty
Package: grfext 2016/05/16 v1.2 Manage graphics extensions (HO)
 (/usr/local/texlive/2017/texmf-dist/tex/generic/oberdiek/kvdefinekeys.sty
Package: kvdefinekeys 2016/05/16 v1.4 Define keys (HO)
 (/usr/local/texlive/2017/texmf-dist/tex/generic/oberdiek/ltxcmds.sty
Package: ltxcmds 2016/05/16 v1.23 LaTeX kernel commands for general use (HO)
))) (/usr/local/texlive/2017/texmf-dist/tex/latex/oberdiek/kvoptions.sty
Package: kvoptions 2016/05/16 v3.12 Key value format for package options (HO)
 (/usr/local/texlive/2017/texmf-dist/tex/latex/graphics/keyval.sty
Package: keyval 2014/10/28 v1.15 key=value parser (DPC)
\KV@toks@=\toks16
) (/usr/local/texlive/2017/texmf-dist/tex/generic/oberdiek/kvsetkeys.sty
Package: kvsetkeys 2016/05/16 v1.17 Key value parser (HO)
 (/usr/local/texlive/2017/texmf-dist/tex/generic/oberdiek/etexcmds.sty
Package: etexcmds 2016/05/16 v1.6 Avoid name clashes with e-TeX commands (HO)
 (/usr/local/texlive/2017/texmf-dist/tex/generic/oberdiek/ifluatex.sty
Package: ifluatex 2016/05/16 v1.4 Provides the ifluatex switch (HO)
Package ifluatex Info: LuaTeX not detected.
)
Package etexcmds Info: Could not find \expanded.
(etexcmds)             That can mean that you are not using pdfTeX 1.50 or
(etexcmds)             that some package has redefined \expanded.
(etexcmds)             In the latter case, load this package earlier.
))) (/usr/local/texlive/2017/texmf-dist/tex/generic/oberdiek/pdftexcmds.sty
Package: pdftexcmds 2017/03/19 v0.25 Utility functions of pdfTeX for LuaTeX (HO)
 (/usr/local/texlive/2017/texmf-dist/tex/generic/oberdiek/ifpdf.sty
Package: ifpdf 2017/03/15 v3.2 Provides the ifpdf switch
)
Package pdftexcmds Info: LuaTeX not detected.
Package pdftexcmds Info: \pdf@primitive is available.
Package pdftexcmds Info: \pdf@ifprimitive is available.
Package pdftexcmds Info: \pdfdraftmode found.
)

Package epstopdf Warning: No graphics package `graphic{s,x}' loaded.

)) (/usr/local/texlive/2017/texmf-dist/tex/latex/pdfpages/pdfpages.sty
Package: pdfpages 2017/01/14 v0.5h Insert pages of external PDF documents (AM)
 (/usr/local/texlive/2017/texmf-dist/tex/latex/base/ifthen.sty
Package: ifthen 2014/09/29 v1.1c Standard LaTeX ifthen package (DPC)
) (/usr/local/texlive/2017/texmf-dist/tex/latex/tools/calc.sty
Package: calc 2014/10/28 v4.3 Infix arithmetic (KKT,FJ)
\calc@Acount=\count92
\calc@Bcount=\count93
\calc@Adimen=\dimen104
\calc@Bdimen=\dimen105
\calc@Askip=\skip57
\calc@Bskip=\skip58
LaTeX Info: Redefining \setlength on input line 80.
LaTeX Info: Redefining \addtolength on input line 81.
\calc@Ccount=\count94
\calc@Cskip=\skip59
) (/usr/local/texlive/2017/texmf-dist/tex/latex/eso-pic/eso-pic.sty
Package: eso-pic 2015/07/21 v2.0g eso-pic (RN)
 (/usr/local/texlive/2017/texmf-dist/tex/generic/oberdiek/atbegshi.sty
Package: atbegshi 2016/06/09 v1.18 At begin shipout hook (HO)
) (/usr/local/texlive/2017/texmf-dist/tex/latex/xcolor/xcolor.sty
Package: xcolor 2016/05/11 v2.12 LaTeX color extensions (UK)
 (/usr/local/texlive/2017/texmf-dist/tex/latex/graphics-cfg/color.cfg
File: color.cfg 2016/01/02 v1.6 sample color configuration
)
Package xcolor Info: Driver file: pdftex.def on input line 225.
 (/usr/local/texlive/2017/texmf-dist/tex/latex/graphics-def/pdftex.def
File: pdftex.def 2017/01/12 v0.06k Graphics/color for pdfTeX
\Gread@gobject=\count95
)
Package xcolor Info: Model `cmy' substituted by `cmy0' on input line 1348.
Package xcolor Info: Model `hsb' substituted by `rgb' on input line 1352.
Package xcolor Info: Model `RGB' extended on input line 1364.
Package xcolor Info: Model `HTML' substituted by `rgb' on input line 1366.
Package xcolor Info: Model `Hsb' substituted by `hsb' on input line 1367.
Package xcolor Info: Model `tHsb' substituted by `hsb' on input line 1368.
Package xcolor Info: Model `HSB' substituted by `hsb' on input line 1369.
Package xcolor Info: Model `Gray' substituted by `gray' on input line 1370.
Package xcolor Info: Model `wave' substituted by `hsb' on input line 1371.
)) (/usr/local/texlive/2017/texmf-dist/tex/latex/graphics/graphicx.sty
Package: graphicx 2014/10/28 v1.0g Enhanced LaTeX Graphics (DPC,SPQR)
 (/usr/local/texlive/2017/texmf-dist/tex/latex/graphics/graphics.sty
Package: graphics 2017/04/14 v1.1b Standard LaTeX Graphics (DPC,SPQR)
 (/usr/local/texlive/2017/texmf-dist/tex/latex/graphics/trig.sty
Package: trig 2016/01/03 v1.10 sin cos tan (DPC)
) (/usr/local/texlive/2017/texmf-dist/tex/latex/graphics-cfg/graphics.cfg
File: graphics.cfg 2016/06/04 v1.11 sample graphics configuration
)
Package graphics Info: Driver file: pdftex.def on input line 99.
)
\Gin@req@height=\dimen106
\Gin@req@width=\dimen107
)
\AM@pagewidth=\dimen108
\AM@pageheight=\dimen109
 (/usr/local/texlive/2017/texmf-dist/tex/latex/pdfpages/pppdftex.def
File: pppdftex.def 2017/01/14 v0.5h Pdfpages driver for pdfTeX (AM)
)
\AM@pagebox=\box28
\AM@global@opts=\toks17
\AM@toc@title=\toks18
\c@AM@survey=\count96
\AM@templatesizebox=\box29
) (/usr/local/texlive/2017/texmf-dist/tex/latex/amsmath/amsmath.sty
Package: amsmath 2016/11/05 v2.16a AMS math features
\@mathmargin=\skip60

For additional information on amsmath, use the `?' option.
(/usr/local/texlive/2017/texmf-dist/tex/latex/amsmath/amstext.sty
Package: amstext 2000/06/29 v2.01 AMS text
 (/usr/local/texlive/2017/texmf-dist/tex/latex/amsmath/amsgen.sty
File: amsgen.sty 1999/11/30 v2.0 generic functions
\@emptytoks=\toks19
\ex@=\dimen110
)) (/usr/local/texlive/2017/texmf-dist/tex/latex/amsmath/amsbsy.sty
Package: amsbsy 1999/11/29 v1.2d Bold Symbols
\pmbraise@=\dimen111
) (/usr/local/texlive/2017/texmf-dist/tex/latex/amsmath/amsopn.sty
Package: amsopn 2016/03/08 v2.02 operator names
)
\inf@bad=\count97
LaTeX Info: Redefining \frac on input line 213.
\uproot@=\count98
\leftroot@=\count99
LaTeX Info: Redefining \overline on input line 375.
\classnum@=\count100
\DOTSCASE@=\count101
LaTeX Info: Redefining \ldots on input line 472.
LaTeX Info: Redefining \dots on input line 475.
LaTeX Info: Redefining \cdots on input line 596.
\Mathstrutbox@=\box30
\strutbox@=\box31
\big@size=\dimen112
LaTeX Font Info:    Redeclaring font encoding OML on input line 712.
LaTeX Font Info:    Redeclaring font encoding OMS on input line 713.
\macc@depth=\count102
\c@MaxMatrixCols=\count103
\dotsspace@=\muskip10
\c@parentequation=\count104
\dspbrk@lvl=\count105
\tag@help=\toks20
\row@=\count106
\column@=\count107
\maxfields@=\count108
\andhelp@=\toks21
\eqnshift@=\dimen113
\alignsep@=\dimen114
\tagshift@=\dimen115
\tagwidth@=\dimen116
\totwidth@=\dimen117
\lineht@=\dimen118
\@envbody=\toks22
\multlinegap=\skip61
\multlinetaggap=\skip62
\mathdisplay@stack=\toks23
LaTeX Info: Redefining \[ on input line 2817.
LaTeX Info: Redefining \] on input line 2818.
) (/usr/local/texlive/2017/texmf-dist/tex/latex/tools/verbatim.sty
Package: verbatim 2014/10/28 v1.5q LaTeX2e package for verbatim enhancements
\every@verbatim=\toks24
\verbatim@line=\toks25
\verbatim@in@stream=\read1
) (/usr/local/texlive/2017/texmf-dist/tex/latex/commath/commath.sty) (/usr/local/texlive/2017/texmf-dist/tex/latex/caption/caption.sty
Package: caption 2016/02/21 v3.3-144 Customizing captions (AR)
 (/usr/local/texlive/2017/texmf-dist/tex/latex/caption/caption3.sty
Package: caption3 2016/05/22 v1.7-166 caption3 kernel (AR)
Package caption3 Info: TeX engine: e-TeX on input line 67.
\captionmargin=\dimen119
\captionmargin@=\dimen120
\captionwidth=\dimen121
\caption@tempdima=\dimen122
\caption@indent=\dimen123
\caption@parindent=\dimen124
\caption@hangindent=\dimen125
)
\c@ContinuedFloat=\count109
Package caption Info: float package is loaded.
) (/usr/local/texlive/2017/texmf-dist/tex/latex/amsfonts/amssymb.sty
Package: amssymb 2013/01/14 v3.01 AMS font symbols
 (/usr/local/texlive/2017/texmf-dist/tex/latex/amsfonts/amsfonts.sty
Package: amsfonts 2013/01/14 v3.01 Basic AMSFonts support
\symAMSa=\mathgroup4
\symAMSb=\mathgroup5
LaTeX Font Info:    Overwriting math alphabet `\mathfrak' in version `bold'
(Font)                  U/euf/m/n --> U/euf/b/n on input line 106.
)) (/usr/local/texlive/2017/texmf-dist/tex/latex/mathtools/mathtools.sty
Package: mathtools 2015/11/12 v1.18 mathematical typesetting tools
 (/usr/local/texlive/2017/texmf-dist/tex/latex/mathtools/mhsetup.sty
Package: mhsetup 2010/01/21 v1.2a programming setup (MH)
)
LaTeX Info: Thecontrolsequence`\('isalreadyrobust on input line 129.
LaTeX Info: Thecontrolsequence`\)'isalreadyrobust on input line 129.
LaTeX Info: Thecontrolsequence`\['isalreadyrobust on input line 129.
LaTeX Info: Thecontrolsequence`\]'isalreadyrobust on input line 129.
\g_MT_multlinerow_int=\count110
\l_MT_multwidth_dim=\dimen126
\origjot=\skip63
\l_MT_shortvdotswithinadjustabove_dim=\dimen127
\l_MT_shortvdotswithinadjustbelow_dim=\dimen128
\l_MT_above_intertext_sep=\dimen129
\l_MT_below_intertext_sep=\dimen130
\l_MT_above_shortintertext_sep=\dimen131
\l_MT_below_shortintertext_sep=\dimen132
) (/usr/local/texlive/2017/texmf-dist/tex/latex/oberdiek/resizegather.sty
Package: resizegather 2016/05/16 v1.3 Resize overly large equations (HO)
) (/usr/local/texlive/2017/texmf-dist/tex/latex/l3packages/xfrac/xfrac.sty (/usr/local/texlive/2017/texmf-dist/tex/latex/l3kernel/expl3.sty
Package: expl3 2017/05/13 L3 programming layer (loader) 
 (/usr/local/texlive/2017/texmf-dist/tex/latex/l3kernel/expl3-code.tex
Package: expl3 2017/05/13 L3 programming layer (code)
\c_max_int=\count111
\l_tmpa_int=\count112
\l_tmpb_int=\count113
\g_tmpa_int=\count114
\g_tmpb_int=\count115
\g__prg_map_int=\count116
\c_log_iow=\count117
\l_iow_line_count_int=\count118
\l__iow_line_target_int=\count119
\l__iow_one_indent_int=\count120
\l__iow_indent_int=\count121
\c_zero_dim=\dimen133
\c_max_dim=\dimen134
\l_tmpa_dim=\dimen135
\l_tmpb_dim=\dimen136
\g_tmpa_dim=\dimen137
\g_tmpb_dim=\dimen138
\c_zero_skip=\skip64
\c_max_skip=\skip65
\l_tmpa_skip=\skip66
\l_tmpb_skip=\skip67
\g_tmpa_skip=\skip68
\g_tmpb_skip=\skip69
\c_zero_muskip=\muskip11
\c_max_muskip=\muskip12
\l_tmpa_muskip=\muskip13
\l_tmpb_muskip=\muskip14
\g_tmpa_muskip=\muskip15
\g_tmpb_muskip=\muskip16
\l_keys_choice_int=\count122
\c__fp_leading_shift_int=\count123
\c__fp_middle_shift_int=\count124
\c__fp_trailing_shift_int=\count125
\c__fp_big_leading_shift_int=\count126
\c__fp_big_middle_shift_int=\count127
\c__fp_big_trailing_shift_int=\count128
\c__fp_Bigg_leading_shift_int=\count129
\c__fp_Bigg_middle_shift_int=\count130
\c__fp_Bigg_trailing_shift_int=\count131
\c__fp_rand_size_int=\count132
\c__fp_rand_four_int=\count133
\c__fp_rand_eight_int=\count134
\l__sort_length_int=\count135
\l__sort_min_int=\count136
\l__sort_top_int=\count137
\l__sort_max_int=\count138
\l__sort_true_max_int=\count139
\l__sort_block_int=\count140
\l__sort_begin_int=\count141
\l__sort_end_int=\count142
\l__sort_A_int=\count143
\l__sort_B_int=\count144
\l__sort_C_int=\count145
\c_empty_box=\box32
\l_tmpa_box=\box33
\l_tmpb_box=\box34
\g_tmpa_box=\box35
\g_tmpb_box=\box36
\l__box_top_dim=\dimen139
\l__box_bottom_dim=\dimen140
\l__box_left_dim=\dimen141
\l__box_right_dim=\dimen142
\l__box_top_new_dim=\dimen143
\l__box_bottom_new_dim=\dimen144
\l__box_left_new_dim=\dimen145
\l__box_right_new_dim=\dimen146
\l__box_internal_box=\box37
\l__coffin_internal_box=\box38
\l__coffin_internal_dim=\dimen147
\l__coffin_offset_x_dim=\dimen148
\l__coffin_offset_y_dim=\dimen149
\l__coffin_x_dim=\dimen150
\l__coffin_y_dim=\dimen151
\l__coffin_x_prime_dim=\dimen152
\l__coffin_y_prime_dim=\dimen153
\c_empty_coffin=\box39
\l__coffin_aligned_coffin=\box40
\l__coffin_aligned_internal_coffin=\box41
\l_tmpa_coffin=\box42
\l_tmpb_coffin=\box43
\l__coffin_display_coffin=\box44
\l__coffin_display_coord_coffin=\box45
\l__coffin_display_pole_coffin=\box46
\l__coffin_display_offset_dim=\dimen154
\l__coffin_display_x_dim=\dimen155
\l__coffin_display_y_dim=\dimen156
\l__coffin_bounding_shift_dim=\dimen157
\l__coffin_left_corner_dim=\dimen158
\l__coffin_right_corner_dim=\dimen159
\l__coffin_bottom_corner_dim=\dimen160
\l__coffin_top_corner_dim=\dimen161
\l__coffin_scaled_total_height_dim=\dimen162
\l__coffin_scaled_width_dim=\dimen163
) (/usr/local/texlive/2017/texmf-dist/tex/latex/l3kernel/l3pdfmode.def
File: l3pdfmode.def 2017/03/18 v L3 Experimental driver: PDF mode
\l__driver_color_stack_int=\count146
\l__driver_tmp_box=\box47
)) (/usr/local/texlive/2017/texmf-dist/tex/latex/l3packages/l3keys2e/l3keys2e.sty
Package: l3keys2e 2017/05/13 LaTeX2e option processing using LaTeX3 keys
) (/usr/local/texlive/2017/texmf-dist/tex/latex/base/textcomp.sty
Package: textcomp 2017/04/05 v2.0i Standard LaTeX package
Package textcomp Info: Sub-encoding information:
(textcomp)               5 = only ISO-Adobe without \textcurrency
(textcomp)               4 = 5 + \texteuro
(textcomp)               3 = 4 + \textohm
(textcomp)               2 = 3 + \textestimated + \textcurrency
(textcomp)               1 = TS1 - \textcircled - \t
(textcomp)               0 = TS1 (full)
(textcomp)             Font families with sub-encoding setting implement
(textcomp)             only a restricted character set as indicated.
(textcomp)             Family '?' is the default used for unknown fonts.
(textcomp)             See the documentation for details.
Package textcomp Info: Setting ? sub-encoding to TS1/1 on input line 79.
 (/usr/local/texlive/2017/texmf-dist/tex/latex/base/ts1enc.def
File: ts1enc.def 2001/06/05 v3.0e (jk/car/fm) Standard LaTeX file
)
LaTeX Info: Redefining \oldstylenums on input line 334.
Package textcomp Info: Setting cmr sub-encoding to TS1/0 on input line 349.
Package textcomp Info: Setting cmss sub-encoding to TS1/0 on input line 350.
Package textcomp Info: Setting cmtt sub-encoding to TS1/0 on input line 351.
Package textcomp Info: Setting cmvtt sub-encoding to TS1/0 on input line 352.
Package textcomp Info: Setting cmbr sub-encoding to TS1/0 on input line 353.
Package textcomp Info: Setting cmtl sub-encoding to TS1/0 on input line 354.
Package textcomp Info: Setting ccr sub-encoding to TS1/0 on input line 355.
Package textcomp Info: Setting ptm sub-encoding to TS1/4 on input line 356.
Package textcomp Info: Setting pcr sub-encoding to TS1/4 on input line 357.
Package textcomp Info: Setting phv sub-encoding to TS1/4 on input line 358.
Package textcomp Info: Setting ppl sub-encoding to TS1/3 on input line 359.
Package textcomp Info: Setting pag sub-encoding to TS1/4 on input line 360.
Package textcomp Info: Setting pbk sub-encoding to TS1/4 on input line 361.
Package textcomp Info: Setting pnc sub-encoding to TS1/4 on input line 362.
Package textcomp Info: Setting pzc sub-encoding to TS1/4 on input line 363.
Package textcomp Info: Setting bch sub-encoding to TS1/4 on input line 364.
Package textcomp Info: Setting put sub-encoding to TS1/5 on input line 365.
Package textcomp Info: Setting uag sub-encoding to TS1/5 on input line 366.
Package textcomp Info: Setting ugq sub-encoding to TS1/5 on input line 367.
Package textcomp Info: Setting ul8 sub-encoding to TS1/4 on input line 368.
Package textcomp Info: Setting ul9 sub-encoding to TS1/4 on input line 369.
Package textcomp Info: Setting augie sub-encoding to TS1/5 on input line 370.
Package textcomp Info: Setting dayrom sub-encoding to TS1/3 on input line 371.
Package textcomp Info: Setting dayroms sub-encoding to TS1/3 on input line 372.
Package textcomp Info: Setting pxr sub-encoding to TS1/0 on input line 373.
Package textcomp Info: Setting pxss sub-encoding to TS1/0 on input line 374.
Package textcomp Info: Setting pxtt sub-encoding to TS1/0 on input line 375.
Package textcomp Info: Setting txr sub-encoding to TS1/0 on input line 376.
Package textcomp Info: Setting txss sub-encoding to TS1/0 on input line 377.
Package textcomp Info: Setting txtt sub-encoding to TS1/0 on input line 378.
Package textcomp Info: Setting lmr sub-encoding to TS1/0 on input line 379.
Package textcomp Info: Setting lmdh sub-encoding to TS1/0 on input line 380.
Package textcomp Info: Setting lmss sub-encoding to TS1/0 on input line 381.
Package textcomp Info: Setting lmssq sub-encoding to TS1/0 on input line 382.
Package textcomp Info: Setting lmvtt sub-encoding to TS1/0 on input line 383.
Package textcomp Info: Setting lmtt sub-encoding to TS1/0 on input line 384.
Package textcomp Info: Setting qhv sub-encoding to TS1/0 on input line 385.
Package textcomp Info: Setting qag sub-encoding to TS1/0 on input line 386.
Package textcomp Info: Setting qbk sub-encoding to TS1/0 on input line 387.
Package textcomp Info: Setting qcr sub-encoding to TS1/0 on input line 388.
Package textcomp Info: Setting qcs sub-encoding to TS1/0 on input line 389.
Package textcomp Info: Setting qpl sub-encoding to TS1/0 on input line 390.
Package textcomp Info: Setting qtm sub-encoding to TS1/0 on input line 391.
Package textcomp Info: Setting qzc sub-encoding to TS1/0 on input line 392.
Package textcomp Info: Setting qhvc sub-encoding to TS1/0 on input line 393.
Package textcomp Info: Setting futs sub-encoding to TS1/4 on input line 394.
Package textcomp Info: Setting futx sub-encoding to TS1/4 on input line 395.
Package textcomp Info: Setting futj sub-encoding to TS1/4 on input line 396.
Package textcomp Info: Setting hlh sub-encoding to TS1/3 on input line 397.
Package textcomp Info: Setting hls sub-encoding to TS1/3 on input line 398.
Package textcomp Info: Setting hlst sub-encoding to TS1/3 on input line 399.
Package textcomp Info: Setting hlct sub-encoding to TS1/5 on input line 400.
Package textcomp Info: Setting hlx sub-encoding to TS1/5 on input line 401.
Package textcomp Info: Setting hlce sub-encoding to TS1/5 on input line 402.
Package textcomp Info: Setting hlcn sub-encoding to TS1/5 on input line 403.
Package textcomp Info: Setting hlcw sub-encoding to TS1/5 on input line 404.
Package textcomp Info: Setting hlcf sub-encoding to TS1/5 on input line 405.
Package textcomp Info: Setting pplx sub-encoding to TS1/3 on input line 406.
Package textcomp Info: Setting pplj sub-encoding to TS1/3 on input line 407.
Package textcomp Info: Setting ptmx sub-encoding to TS1/4 on input line 408.
Package textcomp Info: Setting ptmj sub-encoding to TS1/4 on input line 409.
) (/usr/local/texlive/2017/texmf-dist/tex/latex/l3packages/xparse/xparse.sty
Package: xparse 2017/05/13 L3 Experimental document command parser
\l__xparse_current_arg_int=\count147
\g__xparse_grabber_int=\count148
\l__xparse_m_args_int=\count149
\l__xparse_mandatory_args_int=\count150
\l__xparse_v_nesting_int=\count151
) (/usr/local/texlive/2017/texmf-dist/tex/latex/l3packages/xtemplate/xtemplate.sty
Package: xtemplate 2017/05/13 L3 Experimental prototype document functions
\l__xtemplate_tmp_dim=\dimen164
\l__xtemplate_tmp_int=\count152
\l__xtemplate_tmp_muskip=\muskip17
\l__xtemplate_tmp_skip=\skip70
)
Package: xfrac 2017/05/13 L3 Experimental split-level fractions
\l__xfrac_slash_box=\box48
\l__xfrac_tmp_box=\box49
\l__xfrac_denominator_bot_sep_dim=\dimen165
\l__xfrac_numerator_bot_sep_dim=\dimen166
\l__xfrac_numerator_top_sep_dim=\dimen167
\l__xfrac_slash_left_sep_dim=\dimen168
\l__xfrac_slash_right_sep_dim=\dimen169
\l__xfrac_slash_left_muskip=\muskip18
\l__xfrac_slash_right_muskip=\muskip19
.................................................
. xtemplate info: "declare-object-type"
. 
. Declaring object type 'xfrac' taking 3 argument(s) on line 80.
.................................................
.................................................
. LaTeX info: "xparse/define-command"
. 
. Defining command \sfrac with sig. 'omom' on line 419.
.................................................
) (/usr/local/texlive/2017/texmf-dist/tex/latex/amscls/amsthm.sty
Package: amsthm 2015/03/04 v2.20.2
\thm@style=\toks26
\thm@bodyfont=\toks27
\thm@headfont=\toks28
\thm@notefont=\toks29
\thm@headpunct=\toks30
\thm@preskip=\skip71
\thm@postskip=\skip72
\thm@headsep=\skip73
\dth@everypar=\toks31
) (/usr/local/texlive/2017/texmf-dist/tex/latex/algorithm2e/algorithm2e.sty
Package: algorithm2e 2013/01/06 v5.00 algorithms environments
\c@AlgoLine=\count153
\algocf@hangindent=\skip74
 (/usr/local/texlive/2017/texmf-dist/tex/latex/tools/xspace.sty
Package: xspace 2014/10/28 v1.13 Space after command names (DPC,MH)
) (/usr/local/texlive/2017/texmf-dist/tex/latex/relsize/relsize.sty
Package: relsize 2013/03/29 ver 4.1
)
********************************************************
Package `algorithm2e' Release 5.1 -- october 19 2015 --
- algorithm2e-announce@lirmm.fr mailing list for announcement about releases
- algorithm2e-discussion@lirmm.fr mailing list for discussion about package
subscribe by emailing sympa@lirmm.fr with 'subscribe <list> <firstname name>'
- Author: Christophe Fiorio (christophe.fiorio@umontpellier.fr)
********************************************************
\skiptotal=\skip75
\skiplinenumber=\skip76
\skiprule=\skip77
\skiphlne=\skip78
\skiptext=\skip79
\skiplength=\skip80
\algomargin=\skip81
\skipalgocfslide=\skip82
\algowidth=\dimen170
\inoutsize=\dimen171
\inoutindent=\dimen172
\interspacetitleruled=\dimen173
\interspacealgoruled=\dimen174
\interspacetitleboxruled=\dimen175
\algocf@ruledwidth=\skip83
\algocf@inoutbox=\box50
\algocf@inputbox=\box51
\AlCapSkip=\skip84
\AlCapHSkip=\skip85
\algoskipindent=\skip86
\algocf@nlbox=\box52
\algocf@hangingbox=\box53
\algocf@untilbox=\box54
\algocf@skipuntil=\skip87
\algocf@capbox=\box55
\algoheightruledefault=\skip88
\algoheightrule=\skip89
\algotitleheightruledefault=\skip90
\algotitleheightrule=\skip91
\c@algocfline=\count154
\c@algocfproc=\count155
\c@algocf=\count156
\algocf@algoframe=\box56
\algocf@algobox=\box57
)
\c@theorem=\count157
 (/usr/local/texlive/2017/texmf-dist/tex/latex/booktabs/booktabs.sty
Package: booktabs 2016/04/27 v1.618033 publication quality tables
\heavyrulewidth=\dimen176
\lightrulewidth=\dimen177
\cmidrulewidth=\dimen178
\belowrulesep=\dimen179
\belowbottomsep=\dimen180
\aboverulesep=\dimen181
\abovetopsep=\dimen182
\cmidrulesep=\dimen183
\cmidrulekern=\dimen184
\defaultaddspace=\dimen185
\@cmidla=\count158
\@cmidlb=\count159
\@aboverulesep=\dimen186
\@belowrulesep=\dimen187
\@thisruleclass=\count160
\@lastruleclass=\count161
\@thisrulewidth=\dimen188
) (/usr/local/texlive/2017/texmf-dist/tex/latex/lipsum/lipsum.sty
Package: lipsum 2014/07/27 v1.3 150 paragraphs of Lorem Ipsum dummy text
\c@lips@count=\count162
) (/usr/local/texlive/2017/texmf-dist/tex/latex/subfig/subfig.sty
Package: subfig 2005/06/28 ver: 1.3 subfig package
\c@KVtest=\count163
\sf@farskip=\skip92
\sf@captopadj=\dimen189
\sf@capskip=\skip93
\sf@nearskip=\skip94
\c@subfigure=\count164
\c@subfigure@save=\count165
\c@lofdepth=\count166
\c@subtable=\count167
\c@subtable@save=\count168
\c@lotdepth=\count169
\sf@top=\skip95
\sf@bottom=\skip96
) (/Users/shuping.ruan/GitHub/thesis_research/Multi-Stage-Constrained-Optimal-Treatment-Regimes/paper/.texpadtmp/single-stage.aux)
\openout1 = `single-stage.aux'.

LaTeX Font Info:    Checking defaults for OML/cmm/m/it on input line 102.
LaTeX Font Info:    ... okay on input line 102.
LaTeX Font Info:    Checking defaults for T1/cmr/m/n on input line 102.
LaTeX Font Info:    ... okay on input line 102.
LaTeX Font Info:    Checking defaults for OT1/cmr/m/n on input line 102.
LaTeX Font Info:    ... okay on input line 102.
LaTeX Font Info:    Checking defaults for OMS/cmsy/m/n on input line 102.
LaTeX Font Info:    ... okay on input line 102.
LaTeX Font Info:    Checking defaults for OMX/cmex/m/n on input line 102.
LaTeX Font Info:    ... okay on input line 102.
LaTeX Font Info:    Checking defaults for U/cmr/m/n on input line 102.
LaTeX Font Info:    ... okay on input line 102.
LaTeX Font Info:    Checking defaults for TS1/cmr/m/n on input line 102.
LaTeX Font Info:    Try loading font information for TS1+cmr on input line 102.
 (/usr/local/texlive/2017/texmf-dist/tex/latex/base/ts1cmr.fd
File: ts1cmr.fd 2014/09/29 v2.5h Standard LaTeX font definitions
)
LaTeX Font Info:    ... okay on input line 102.
 ABD: EverySelectfont initializing macros
LaTeX Info: Redefining \selectfont on input line 102.
\AtBeginShipoutBox=\box58
 (/usr/local/texlive/2017/texmf-dist/tex/context/base/mkii/supp-pdf.mkii
[Loading MPS to PDF converter (version 2006.09.02).]
\scratchcounter=\count170
\scratchdimen=\dimen190
\scratchbox=\box59
\nofMPsegments=\count171
\nofMParguments=\count172
\everyMPshowfont=\toks32
\MPscratchCnt=\count173
\MPscratchDim=\dimen191
\MPnumerator=\count174
\makeMPintoPDFobject=\count175
\everyMPtoPDFconversion=\toks33
) (/usr/local/texlive/2017/texmf-dist/tex/latex/oberdiek/pdflscape.sty
Package: pdflscape 2016/05/14 v0.11 Display of landscape pages in PDF (HO)
 (/usr/local/texlive/2017/texmf-dist/tex/latex/graphics/lscape.sty
Package: lscape 2000/10/22 v3.01 Landscape Pages (DPC)
)
Package pdflscape Info: Auto-detected driver: pdftex on input line 81.
 (/usr/local/texlive/2017/texmf-dist/tex/generic/ifxetex/ifxetex.sty
Package: ifxetex 2010/09/12 v0.6 Provides ifxetex conditional
))
Package caption Info: Begin \AtBeginDocument code.
Package caption Info: subfig package v1.3 is loaded.
Package caption Info: End \AtBeginDocument code.
LaTeX Font Info:    Try loading font information for U+msa on input line 103.
 (/usr/local/texlive/2017/texmf-dist/tex/latex/amsfonts/umsa.fd
File: umsa.fd 2013/01/14 v3.01 AMS symbols A
)
LaTeX Font Info:    Try loading font information for U+msb on input line 103.
 (/usr/local/texlive/2017/texmf-dist/tex/latex/amsfonts/umsb.fd
File: umsb.fd 2013/01/14 v3.01 AMS symbols B
)
Underfull \hbox (badness 10000) in paragraph at lines 106--107

 []


Underfull \hbox (badness 10000) in paragraph at lines 108--109

 []


Underfull \hbox (badness 10000) in paragraph at lines 110--111

 []

[1

{/usr/local/texlive/2017/texmf-var/fonts/map/pdftex/updmap/pdftex.map}] [2]
Underfull \hbox (badness 10000) in paragraph at lines 141--142

 []

[3]
Underfull \hbox (badness 10000) in paragraph at lines 149--150

 []


Underfull \hbox (badness 10000) in paragraph at lines 157--158

 []

[4]
Underfull \hbox (badness 10000) in paragraph at lines 188--190

 []

[5]
Underfull \hbox (badness 10000) in paragraph at lines 194--195

 []


Overfull \hbox (4.11177pt too wide) in paragraph at lines 196--197
[]\OT1/cmr/m/n/10 Solutions to prob-lem (1.5) is equiv-a-lent to min-i-miz-ers to the fol-low-ing penalty-
 []

[6]
Overfull \hbox (0.70818pt too wide) in paragraph at lines 212--213
[]\OT1/cmr/m/it/10 for all nonzero vec-tors $\OML/cmm/m/it/10 p$\OT1/cmr/m/it/10 , there ex-ists $\OML/cmm/m/it/10 ! > \OT1/cmr/m/n/10 0$ \OT1/cmr/m/it/10 such that $[][]\OML/cmm/m/it/10 H\OT1/cmr/m/n/10 ([][]\OML/cmm/m/it/10 ; [][]\OT1/cmr/m/n/10 )[] \OMS/cmsy/m/n/10 ^^U
 []


Underfull \hbox (badness 10000) in paragraph at lines 221--223

 []

LaTeX Font Info:    Calculating math sizes for size <6.99997> on input line 224.

LaTeX Font Warning: Font shape `OT1/cmr/m/n' in size <3.49998> not available
(Font)              size <5> substituted on input line 224.


LaTeX Font Warning: Font shape `OML/cmm/m/it' in size <3.49998> not available
(Font)              size <5> substituted on input line 224.


LaTeX Font Warning: Font shape `OMS/cmsy/m/n' in size <3.49998> not available
(Font)              size <5> substituted on input line 224.


LaTeX Font Warning: Font shape `OT1/cmr/bx/n' in size <3.49998> not available
(Font)              size <5> substituted on input line 224.


LaTeX Font Warning: Font shape `OML/cmm/b/it' in size <3.49998> not available
(Font)              size <5> substituted on input line 224.


LaTeX Font Warning: Font shape `OMS/cmsy/b/n' in size <3.49998> not available
(Font)              size <5> substituted on input line 224.


Underfull \hbox (badness 10000) in paragraph at lines 224--225

 []

[7]
Overfull \hbox (32.70868pt too wide) in paragraph at lines 257--259
\OT1/cmr/m/it/10 There ex-ists a neigh-bor-hood of $[][]\OT1/cmr/m/n/10 (\OML/cmm/m/it/10 ^^V\OT1/cmr/m/n/10 )$\OT1/cmr/m/it/10 , de-noted $\OMS/cmsy/m/n/10 N []$ \OT1/cmr/m/it/10 such that $\OML/cmm/m/it/10 ^^^[] [] <
 []


Overfull \hbox (7.93784pt too wide) in paragraph at lines 259--261
[] [] \OML/cmm/m/it/10 < [] []$\OT1/cmr/m/it/10 , for any $[] \OMS/cmsy/m/n/10 2 N []$\OT1/cmr/m/it/10 , where $[][]\OT1/cmr/m/n/10 (\OML/cmm/m/it/10 ^^V\OT1/cmr/m/n/10 ) \OMS/cmsy/m/n/10 2 N []$\OT1/cmr/m/it/10 ; 
 []


Overfull \hbox (5.8909pt too wide) in paragraph at lines 339--340
[]\OT1/cmr/m/n/10 ([]\OML/cmm/m/it/10 ; a\OT1/cmr/m/n/10 ) = \U/msb/m/n/10 E []$\OT1/cmr/m/n/10 . and $[][]([]) = \U/msb/m/n/10 E []$\OT1/cmr/m/n/10 .These
 []


Underfull \hbox (badness 10000) in paragraph at lines 339--340

 []

[8] [9]
Underfull \hbox (badness 10000) in paragraph at lines 350--352

 []


Overfull \hbox (58.02309pt too wide) in paragraph at lines 374--375
[]$\U/msb/m/n/10 E [][] \OML/cmm/m/it/10 < \OMS/cmsy/m/n/10 1$\OT1/cmr/m/it/10 , where $\OML/cmm/m/it/10 ^^V[] \OT1/cmr/m/n/10 = \U/msb/m/n/10 E []$\OT1/cmr/m/it/10 ; 
 []


Overfull \hbox (73.4084pt too wide) in paragraph at lines 383--383
[] 
 []


Overfull \hbox (73.4084pt too wide) in paragraph at lines 383--383
[] 
 []


Package resizegather Warning: Equation line 1 is too large by 73.4084pt
(resizegather)                in environment `gather' on input line 383.


Underfull \hbox (badness 10000) in paragraph at lines 386--387

 []

[10]
Overfull \hbox (138.89798pt too wide) in paragraph at lines 403--403
[] 
 []


Overfull \hbox (138.89798pt too wide) in paragraph at lines 403--403
[] 
 []


Package resizegather Warning: Equation line 1 is too large by 138.89798pt
(resizegather)                in environment `gather' on input line 403.


Overfull \hbox (69.13881pt too wide) in paragraph at lines 412--416
\OT1/cmr/m/it/10 where $[][] \OT1/cmr/m/n/10 = [][][][][][]$\OT1/cmr/m/it/10 , where $[][] \OT1/cmr/m/n/10 = [][][][][][]$\OT1/cmr/m/it/10 , $[][] \OT1/cmr/m/n/10 = \U/msb/m/n/10 E [] \OMS/cmsy/m/n/10 ^^@
 []

[11]
Underfull \hbox (badness 10000) in paragraph at lines 449--452

 []


Underfull \hbox (badness 10000) in paragraph at lines 453--454

 []


Underfull \hbox (badness 10000) in paragraph at lines 455--456

 []


Overfull \hbox (8.62982pt too wide) in paragraph at lines 457--480
\OT1/cmr/m/n/10 are con-sid-ered for the sim-u-la-tion set-ting. First de-fine $
[] = \U/msb/m/n/10 E[]I\OMS/cmsy/m/n/10 f\OT1/cmr/m/n/10 ([][][][])([][][][]) \OML/cmm/m/it/10 >
 []


Overfull \hbox (26.69879pt too wide) in paragraph at lines 457--480
[]$ \OT1/cmr/m/n/10 and $
[] = []$.
 []

[12]
Underfull \hbox (badness 10000) in paragraph at lines 482--483

 []

(./figs/result_1.tex)
Overfull \hbox (26.23596pt too wide) in paragraph at lines 1--490
 [][] 
 []

<./figs/efficient_plot1.png, id=71, 1038.88126pt x 850.17625pt>
File: ./figs/efficient_plot1.png Graphic file (type png)
 <use ./figs/efficient_plot1.png>
Package pdftex.def Info: ./figs/efficient_plot1.png used on input line 498.
(pdftex.def)             Requested size: 310.4979pt x 254.09486pt.
 [13] [14] [15 <./figs/efficient_plot1.png>] (/Users/shuping.ruan/GitHub/thesis_research/Multi-Stage-Constrained-Optimal-Treatment-Regimes/paper/.texpadtmp/single-stage.bbl [16] [17]) [18] [19]
Overfull \hbox (32.70868pt too wide) in paragraph at lines 543--545
\OT1/cmr/m/it/10 There ex-ists a neigh-bor-hood of $[][]\OT1/cmr/m/n/10 (\OML/cmm/m/it/10 ^^V\OT1/cmr/m/n/10 )$\OT1/cmr/m/it/10 , de-noted $\OMS/cmsy/m/n/10 N []$ \OT1/cmr/m/it/10 such that $\OML/cmm/m/it/10 ^^^[] [] <
 []


Overfull \hbox (7.93784pt too wide) in paragraph at lines 545--547
[] [] \OML/cmm/m/it/10 < [] []$\OT1/cmr/m/it/10 , for any $[] \OMS/cmsy/m/n/10 2 N []$\OT1/cmr/m/it/10 , where $[][]\OT1/cmr/m/n/10 (\OML/cmm/m/it/10 ^^V\OT1/cmr/m/n/10 ) \OMS/cmsy/m/n/10 2 N []$\OT1/cmr/m/it/10 ; 
 []

[20]
Overfull \hbox (0.33395pt too wide) in paragraph at lines 602--603
\OT1/cmr/m/n/10 The uni-form con-ver-gence the-o-rem of uni-vari-ate Ker-nel Den-sity Es-ti-ma-tors above
 []

[21]

Package resizegather Warning: Equation line 1 is too large by 108.79974pt
(resizegather)                in environment `equation' on input line 692.

[22]
Overfull \hbox (19.19371pt too wide) in paragraph at lines 710--710
[] 
 []


Underfull \hbox (badness 10000) in paragraph at lines 710--715

 []


Overfull \hbox (15.27812pt too wide) in paragraph at lines 716--718
[]\OT1/cmr/m/n/10 To cal-cu-late the sec-ond term on the right hand side, we de-rive $[] [] \OML/cmm/m/it/10 z[]k\OT1/cmr/m/n/10 ([]) \OML/cmm/m/it/10 dz[]$
 []

[23]
Overfull \hbox (55.528pt too wide) in paragraph at lines 733--734
[]$\U/msb/m/n/10 E [][] \OML/cmm/m/it/10 < \OMS/cmsy/m/n/10 1$\OT1/cmr/m/it/10 , where $\OML/cmm/m/it/10 ^^V[] \OT1/cmr/m/n/10 = \U/msb/m/n/10 E []$ 
 []


Overfull \hbox (67.85858pt too wide) in paragraph at lines 742--742
[] 
 []


Overfull \hbox (67.85858pt too wide) in paragraph at lines 742--742
[] 
 []


Package resizegather Warning: Equation line 1 is too large by 67.85858pt
(resizegather)                in environment `gather' on input line 742.


Overfull \hbox (53.4637pt too wide) in paragraph at lines 745--747
\OT1/cmr/m/n/10 for asymp-totic vari-ance. More-over, re-call that $\OMS/cmsy/m/n/10 r[] [] \OT1/cmr/m/n/10 = [] [][] []\OML/cmm/m/it/10 k [] [][]$\OT1/cmr/m/n/10 . 
 []

[24]

Package resizegather Warning: Equation line 1 is too large by 127.92574pt
(resizegather)                in environment `gather*' on input line 796.

[25]
Overfull \hbox (63.69193pt too wide) in paragraph at lines 823--823
[] 
 []


Overfull \hbox (63.69193pt too wide) in paragraph at lines 823--823
[] 
 []


Package resizegather Warning: Equation line 1 is too large by 63.69193pt
(resizegather)                in environment `gather' on input line 823.


Overfull \hbox (131.62944pt too wide) in paragraph at lines 832--832
[] 
 []


Overfull \hbox (131.62944pt too wide) in paragraph at lines 832--832
[] 
 []


Package resizegather Warning: Equation line 1 is too large by 131.62944pt
(resizegather)                in environment `gather' on input line 832.

[26]
Overfull \hbox (80.53911pt too wide) in paragraph at lines 848--848
[] 
 []


Overfull \hbox (80.53911pt too wide) in paragraph at lines 848--848
[] 
 []


Package resizegather Warning: Equation line 1 is too large by 80.53911pt
(resizegather)                in environment `gather' on input line 848.


Overfull \hbox (77.97319pt too wide) in paragraph at lines 858--858
[] 
 []


Overfull \hbox (77.97319pt too wide) in paragraph at lines 858--858
[] 
 []


Package resizegather Warning: Equation line 1 is too large by 77.97319pt
(resizegather)                in environment `gather' on input line 858.

[27]
Overfull \hbox (15.73576pt too wide) in paragraph at lines 880--882
\OT1/cmr/m/n/10 be-fore, due the the con-sis-tency of and the KDEs, we have $\OML/cmm/m/it/10 p [][] [] [] \OT1/cmr/m/n/10 =
 []


Overfull \hbox (22.29463pt too wide) in paragraph at lines 887--896
\OMS/cmsy/m/n/10 r\OML/cmm/m/it/10 V[] [] \OT1/cmr/m/n/10 = []\U/msb/m/n/10 E [] \OT1/cmr/m/n/10 = [] [] [] [] [] \OML/cmm/m/it/10 z[]f[] []  dz[] dz[]$\OT1/cmr/m/n/10 .
 []


Overfull \hbox (92.8426pt too wide) in paragraph at lines 887--896
\OT1/cmr/m/n/10 Then, we can write $\OMS/cmsy/m/n/10 r\OML/cmm/m/it/10 V[] [] \OT1/cmr/m/n/10 = []\U/msb/m/n/10 E [] \OT1/cmr/m/n/10 = [][] [] \OML/cmm/m/it/10 f\OT1/cmr/m/n/10 ([]) \OML/cmm/m/it/10 d[] \OT1/cmr/m/n/10 =
 []


Overfull \hbox (34.33742pt too wide) in paragraph at lines 887--896
\OMS/cmsy/m/n/10 r[] [] \OT1/cmr/m/n/10 = [] [][] []\OML/cmm/m/it/10 k [] [][]$\OT1/cmr/m/n/10 . Its ex-pec-ta-tion is $\U/msb/m/n/10 E [] \OT1/cmr/m/n/10 =
 []


Overfull \hbox (3.3199pt too wide) in paragraph at lines 887--896
\OMS/cmsy/m/n/10 1$\OT1/cmr/m/n/10 , $\OML/cmm/m/it/10 h \OMS/cmsy/m/n/10 ! \OT1/cmr/m/n/10 0$ and $\OML/cmm/m/it/10 nh \OMS/cmsy/m/n/10 ! 1$\OT1/cmr/m/n/10 , we have $[][] []\OML/cmm/m/it/10 k [] \OT1/cmr/m/n/10 = 2[][][][] \OMS/cmsy/m/n/10 ^^A \OML/cmm/m/it/10 ^^N [] \OT1/cmr/m/n/10 =
 []

[28]
Overfull \hbox (41.72809pt too wide) in paragraph at lines 901--910
\OMS/cmsy/m/n/10 r[]\OML/cmm/m/it/10 V[] [] \OT1/cmr/m/n/10 = \OMS/cmsy/m/n/10 r[]\U/msb/m/n/10 E [] \OT1/cmr/m/n/10 = [] [] [] [] [] \OML/cmm/m/it/10 z[]f[] []  dz[] dz[]$\OT1/cmr/m/n/10 .
 []


Overfull \hbox (32.01791pt too wide) in paragraph at lines 901--910
\U/msb/m/n/10 E [] \OT1/cmr/m/n/10 = \U/msb/m/n/10 E [] \OT1/cmr/m/n/10 = \U/msb/m/n/10 E [] \OML/cmm/m/it/10 :$
 []

[29]
Overfull \hbox (182.6161pt too wide) in paragraph at lines 941--941
[] 
 []


Overfull \hbox (182.6161pt too wide) in paragraph at lines 941--941
[] 
 []


Package resizegather Warning: Equation line 1 is too large by 182.6161pt
(resizegather)                in environment `gather*' on input line 941.


Overfull \hbox (22.14742pt too wide) in paragraph at lines 949--949
[] 
 []


Underfull \hbox (badness 10000) in paragraph at lines 953--956

 []


Overfull \hbox (38.82443pt too wide) in paragraph at lines 967--967
[] 
 []


Overfull \hbox (38.82443pt too wide) in paragraph at lines 967--967
[] 
 []

[30]
Underfull \hbox (badness 10000) in paragraph at lines 995--996

 []

(./figs/result_2.tex)
Overfull \hbox (31.48592pt too wide) in paragraph at lines 1--1018
 [][] 
 []

<./figs/efficient_plot2.png, id=140, 1006.76125pt x 867.24pt>
File: ./figs/efficient_plot2.png Graphic file (type png)
 <use ./figs/efficient_plot2.png>
Package pdftex.def Info: ./figs/efficient_plot2.png used on input line 1023.
(pdftex.def)             Requested size: 310.4979pt x 267.4654pt.
 (./figs/result_3.tex)
Overfull \hbox (31.48592pt too wide) in paragraph at lines 1--1035
 [][] 
 []

<./figs/efficient_plot3.png, id=141, 1029.8475pt x 878.28125pt>
File: ./figs/efficient_plot3.png Graphic file (type png)
 <use ./figs/efficient_plot3.png>
Package pdftex.def Info: ./figs/efficient_plot3.png used on input line 1040.
(pdftex.def)             Requested size: 310.4979pt x 264.79976pt.
 (./figs//result_4.tex)
Overfull \hbox (31.48592pt too wide) in paragraph at lines 1--1052
 [][] 
 []

<./figs/efficient_plot4.png, id=142, 995.72pt x 858.20625pt>
File: ./figs/efficient_plot4.png Graphic file (type png)
 <use ./figs/efficient_plot4.png>
Package pdftex.def Info: ./figs/efficient_plot4.png used on input line 1057.
(pdftex.def)             Requested size: 310.4979pt x 267.61261pt.
 (./figs/result_5.tex)
Overfull \hbox (31.48592pt too wide) in paragraph at lines 1--1069
 [][] 
 []

<./figs/efficient_plot5.png, id=143, 960.58875pt x 865.2325pt>
File: ./figs/efficient_plot5.png Graphic file (type png)
 <use ./figs/efficient_plot5.png>
Package pdftex.def Info: ./figs/efficient_plot5.png used on input line 1074.
(pdftex.def)             Requested size: 310.4979pt x 279.67896pt.
 (./figs/result_6.tex)
Overfull \hbox (36.73587pt too wide) in paragraph at lines 1--1086
 [][] 
 []

<./figs/efficient_plot6.png, id=144, 999.735pt x 868.24374pt>
File: ./figs/efficient_plot6.png Graphic file (type png)
 <use ./figs/efficient_plot6.png>
Package pdftex.def Info: ./figs/efficient_plot6.png used on input line 1091.
(pdftex.def)             Requested size: 310.4979pt x 269.6562pt.
 (./figs/result_7.tex)
Overfull \hbox (31.48592pt too wide) in paragraph at lines 1--1103
 [][] 
 []

<./figs/efficient_plot7.png, id=145, 968.61874pt x 879.285pt>
File: ./figs/efficient_plot7.png Graphic file (type png)
 <use ./figs/efficient_plot7.png>
Package pdftex.def Info: ./figs/efficient_plot7.png used on input line 1108.
(pdftex.def)             Requested size: 310.4979pt x 281.85995pt.
 (./figs/result_8.tex)
Overfull \hbox (36.73587pt too wide) in paragraph at lines 1--1120
 [][] 
 []

<./figs/efficient_plot8.png, id=146, 972.63374pt x 858.20625pt>
File: ./figs/efficient_plot8.png Graphic file (type png)
 <use ./figs/efficient_plot8.png>
Package pdftex.def Info: ./figs/efficient_plot8.png used on input line 1125.
(pdftex.def)             Requested size: 310.4979pt x 273.96376pt.
 (./figs/result_9.tex)
Overfull \hbox (31.48592pt too wide) in paragraph at lines 1--1137
 [][] 
 []

<./figs/efficient_plot9.png, id=147, 982.67125pt x 846.16125pt>
File: ./figs/efficient_plot9.png Graphic file (type png)
 <use ./figs/efficient_plot9.png>
Package pdftex.def Info: ./figs/efficient_plot9.png used on input line 1142.
(pdftex.def)             Requested size: 310.4979pt x 267.35562pt.
 [31] [32] [33] [34] [35] [36] [37] [38] [39] [40 <./figs/efficient_plot2.png>] [41 <./figs/efficient_plot3.png>] [42 <./figs/efficient_plot4.png>] [43 <./figs/efficient_plot5.png>] [44 <./figs/efficient_plot6.png>] [45 <./figs/efficient_plot7.png>] [46 <./figs/efficient_plot8.png>] [47 <./figs/efficient_plot9.png>] (/Users/shuping.ruan/GitHub/thesis_research/Multi-Stage-Constrained-Optimal-Treatment-Regimes/paper/.texpadtmp/single-stage.aux)

LaTeX Font Warning: Size substitutions with differences
(Font)              up to 3.25002pt have occurred.

 )
(\end occurred inside a group at level 1)

### simple group (level 1) entered at line 1061 ({)
### bottom level 
Here is how much of TeX's memory you used:
 15847 strings out of 492995
 286417 string characters out of 6132704
 536851 words of memory out of 5000000
 19155 multiletter control sequences out of 15000+600000
 26194 words of font info for 101 fonts, out of 8000000 for 9000
 1141 hyphenation exceptions out of 8191
 42i,25n,39p,10382b,2389s stack positions out of 5000i,500n,10000p,200000b,80000s
{/usr/local/texlive/2017/texmf-dist/fonts/enc/dvips/cm-super/cm-super-ts1.enc}</usr/local/texlive/2017/texmf-dist/fonts/type1/public/amsfonts/cm/cmbsy10.pfb></usr/local/texlive/2017/texmf-dist/fonts/type1/public/amsfonts/cmextra/cmbsy7.pfb></usr/local/texlive/2017/texmf-dist/fonts/type1/public/amsfonts/cm/cmbx10.pfb></usr/local/texlive/2017/texmf-dist/fonts/type1/public/amsfonts/cm/cmbx12.pfb></usr/local/texlive/2017/texmf-dist/fonts/type1/public/amsfonts/cm/cmbx7.pfb></usr/local/texlive/2017/texmf-dist/fonts/type1/public/amsfonts/cm/cmex10.pfb></usr/local/texlive/2017/texmf-dist/fonts/type1/public/amsfonts/cmextra/cmex7.pfb></usr/local/texlive/2017/texmf-dist/fonts/type1/public/amsfonts/cmextra/cmex9.pfb></usr/local/texlive/2017/texmf-dist/fonts/type1/public/amsfonts/cm/cmmi10.pfb></usr/local/texlive/2017/texmf-dist/fonts/type1/public/amsfonts/cm/cmmi12.pfb></usr/local/texlive/2017/texmf-dist/fonts/type1/public/amsfonts/cm/cmmi5.pfb></usr/local/texlive/2017/texmf-dist/fonts/type1/public/amsfonts/cm/cmmi7.pfb></usr/local/texlive/2017/texmf-dist/fonts/type1/public/amsfonts/cm/cmmi8.pfb></usr/local/texlive/2017/texmf-dist/fonts/type1/public/amsfonts/cm/cmmi9.pfb></usr/local/texlive/2017/texmf-dist/fonts/type1/public/amsfonts/cm/cmmib10.pfb></usr/local/texlive/2017/texmf-dist/fonts/type1/public/amsfonts/cmextra/cmmib6.pfb></usr/local/texlive/2017/texmf-dist/fonts/type1/public/amsfonts/cmextra/cmmib7.pfb></usr/local/texlive/2017/texmf-dist/fonts/type1/public/amsfonts/cmextra/cmmib8.pfb></usr/local/texlive/2017/texmf-dist/fonts/type1/public/amsfonts/cmextra/cmmib9.pfb></usr/local/texlive/2017/texmf-dist/fonts/type1/public/amsfonts/cm/cmr10.pfb></usr/local/texlive/2017/texmf-dist/fonts/type1/public/amsfonts/cm/cmr12.pfb></usr/local/texlive/2017/texmf-dist/fonts/type1/public/amsfonts/cm/cmr17.pfb></usr/local/texlive/2017/texmf-dist/fonts/type1/public/amsfonts/cm/cmr5.pfb></usr/local/texlive/2017/texmf-dist/fonts/type1/public/amsfonts/cm/cmr6.pfb></usr/local/texlive/2017/texmf-dist/fonts/type1/public/amsf
onts/cm/cmr7.pfb></usr/local/texlive/2017/texmf-dist/fonts/type1/public/amsfonts/cm/cmr8.pfb></usr/local/texlive/2017/texmf-dist/fonts/type1/public/amsfonts/cm/cmr9.pfb></usr/local/texlive/2017/texmf-dist/fonts/type1/public/amsfonts/cm/cmsy10.pfb></usr/local/texlive/2017/texmf-dist/fonts/type1/public/amsfonts/cm/cmsy5.pfb></usr/local/texlive/2017/texmf-dist/fonts/type1/public/amsfonts/cm/cmsy7.pfb></usr/local/texlive/2017/texmf-dist/fonts/type1/public/amsfonts/cm/cmsy8.pfb></usr/local/texlive/2017/texmf-dist/fonts/type1/public/amsfonts/cm/cmsy9.pfb></usr/local/texlive/2017/texmf-dist/fonts/type1/public/amsfonts/cm/cmti10.pfb></usr/local/texlive/2017/texmf-dist/fonts/type1/public/amsfonts/cm/cmtt10.pfb></usr/local/texlive/2017/texmf-dist/fonts/type1/public/amsfonts/symbols/msam10.pfb></usr/local/texlive/2017/texmf-dist/fonts/type1/public/amsfonts/symbols/msam5.pfb></usr/local/texlive/2017/texmf-dist/fonts/type1/public/amsfonts/symbols/msam7.pfb></usr/local/texlive/2017/texmf-dist/fonts/type1/public/amsfonts/symbols/msbm10.pfb></usr/local/texlive/2017/texmf-dist/fonts/type1/public/amsfonts/symbols/msbm7.pfb></usr/local/texlive/2017/texmf-dist/fonts/type1/public/cm-super/sfrm1000.pfb>
Output written on /Users/shuping.ruan/GitHub/thesis_research/Multi-Stage-Constrained-Optimal-Treatment-Regimes/paper/.texpadtmp/single-stage.pdf (47 pages, 2933595 bytes).
PDF statistics:
 338 PDF objects out of 1000 (max. 8388607)
 228 compressed objects within 3 object streams
 0 named destinations out of 1000 (max. 500000)
 46 words of extra memory for PDF output out of 10000 (max. 10000000)

